<?xml version="1.0" encoding="UTF-8"?>
<testsuite xmlns:xsi="http://www.w3.org/2001/XMLSchema-instance" xsi:noNamespaceSchemaLocation="https://maven.apache.org/surefire/maven-surefire-plugin/xsd/surefire-test-report.xsd" name="pingpong.TestPedidos" time="0.272" tests="9" errors="0" skipped="0" failures="0">
  <properties>
    <property name="sun.desktop" value="windows"/>
    <property name="awt.toolkit" value="sun.awt.windows.WToolkit"/>
    <property name="java.specification.version" value="11"/>
    <property name="sun.cpu.isalist" value="amd64"/>
    <property name="sun.jnu.encoding" value="Cp1252"/>
    <property name="java.class.path" value="C:\CLASE\mordor-command-AliciaTugores\mordor-command\target\test-classes;C:\CLASE\mordor-command-AliciaTugores\mordor-command\target\classes;C:\Users\34673\.m2\repository\junit\junit\4.11\junit-4.11.jar;C:\Users\34673\.m2\repository\org\hamcrest\hamcrest-core\1.3\hamcrest-core-1.3.jar;"/>
    <property name="java.vm.vendor" value="Oracle Corporation"/>
    <property name="sun.arch.data.model" value="64"/>
    <property name="user.variant" value=""/>
    <property name="java.vendor.url" value="https://openjdk.java.net/"/>
    <property name="user.timezone" value="Europe/Paris"/>
    <property name="java.vm.specification.version" value="11"/>
    <property name="os.name" value="Windows 10"/>
    <property name="sun.java.launcher" value="SUN_STANDARD"/>
    <property name="user.country" value="ES"/>
    <property name="sun.boot.library.path" value="C:\Program Files\Java\jdk-11.0.10\bin"/>
    <property name="sun.java.command" value="C:\Users\34673\AppData\Local\Temp\surefire1993636259972233314\surefirebooter16606261920997302678.jar C:\Users\34673\AppData\Local\Temp\surefire1993636259972233314 2021-05-11T20-04-45_086-jvmRun1 surefire2974932013420193921tmp surefire_02103613273319006531tmp"/>
    <property name="jdk.debug" value="release"/>
    <property name="surefire.test.class.path" value="C:\CLASE\mordor-command-AliciaTugores\mordor-command\target\test-classes;C:\CLASE\mordor-command-AliciaTugores\mordor-command\target\classes;C:\Users\34673\.m2\repository\junit\junit\4.11\junit-4.11.jar;C:\Users\34673\.m2\repository\org\hamcrest\hamcrest-core\1.3\hamcrest-core-1.3.jar;"/>
    <property name="sun.cpu.endian" value="little"/>
    <property name="user.home" value="C:\Users\34673"/>
    <property name="user.language" value="es"/>
    <property name="java.specification.vendor" value="Oracle Corporation"/>
    <property name="java.version.date" value="2021-01-19"/>
    <property name="java.home" value="C:\Program Files\Java\jdk-11.0.10"/>
    <property name="file.separator" value="\"/>
    <property name="basedir" value="C:\CLASE\mordor-command-AliciaTugores\mordor-command"/>
    <property name="java.vm.compressedOopsMode" value="32-bit"/>
    <property name="line.separator" value="&#10;"/>
    <property name="java.specification.name" value="Java Platform API Specification"/>
    <property name="java.vm.specification.vendor" value="Oracle Corporation"/>
    <property name="java.awt.graphicsenv" value="sun.awt.Win32GraphicsEnvironment"/>
    <property name="surefire.real.class.path" value="C:\Users\34673\AppData\Local\Temp\surefire1993636259972233314\surefirebooter16606261920997302678.jar"/>
    <property name="user.script" value=""/>
    <property name="sun.management.compiler" value="HotSpot 64-Bit Tiered Compilers"/>
    <property name="java.runtime.version" value="11.0.10+8-LTS-162"/>
    <property name="user.name" value="34673"/>
    <property name="path.separator" value=";"/>
    <property name="os.version" value="10.0"/>
    <property name="java.runtime.name" value="Java(TM) SE Runtime Environment"/>
    <property name="file.encoding" value="Cp1252"/>
    <property name="java.vm.name" value="Java HotSpot(TM) 64-Bit Server VM"/>
    <property name="java.vendor.version" value="18.9"/>
    <property name="localRepository" value="C:\Users\34673\.m2\repository"/>
    <property name="java.vendor.url.bug" value="https://bugreport.java.com/bugreport/"/>
    <property name="java.io.tmpdir" value="C:\Users\34673\AppData\Local\Temp\"/>
    <property name="java.version" value="11.0.10"/>
    <property name="user.dir" value="C:\CLASE\mordor-command-AliciaTugores\mordor-command"/>
    <property name="os.arch" value="amd64"/>
    <property name="java.vm.specification.name" value="Java Virtual Machine Specification"/>
    <property name="java.awt.printerjob" value="sun.awt.windows.WPrinterJob"/>
    <property name="sun.os.patch.level" value=""/>
    <property name="java.library.path" value="C:\Program Files\Java\jdk-11.0.10\bin;C:\Windows\Sun\Java\bin;C:\Windows\system32;C:\Windows;C:\Program Files\Common Files\Oracle\Java\javapath;C:\Program Files (x86)\Common Files\Oracle\Java\javapath;C:\Windows\system32;C:\Windows;C:\Windows\System32\Wbem;C:\Windows\System32\WindowsPowerShell\v1.0\;C:\Windows\System32\OpenSSH\;C:\Program Files\MongoDB\Server\4.4\bin\;C:\Program Files\Git\cmd;C:\Program Files\TortoiseGit\bin;C:\Program Files\Java\jdk-11.0.10\bin;;C:\Program Files\Docker\Docker\resources\bin;C:\ProgramData\DockerDesktop\version-bin;C:\Users\34673\AppData\Local\Programs\Python\Python39\Scripts\;C:\Users\34673\AppData\Local\Programs\Python\Python39\;C:\Users\34673\AppData\Local\Microsoft\WindowsApps;C:\Users\34673\AppData\Local\Programs\Microsoft VS Code\bin;C:\Program Files\Java\jdk-11.0.10\bin;C:\apache-maven-3.6.3\bin;;."/>
    <property name="java.vendor" value="Oracle Corporation"/>
    <property name="java.vm.info" value="mixed mode"/>
    <property name="java.vm.version" value="11.0.10+8-LTS-162"/>
    <property name="sun.io.unicode.encoding" value="UnicodeLittle"/>
    <property name="java.class.version" value="55.0"/>
  </properties>
  <testcase name="test_Mordor" classname="pingpong.TestPedidos" time="0.223"/>
  <testcase name="test_pedido_peligroso_KO" classname="pingpong.TestPedidos" time="0"/>
  <testcase name="test_pedido_peligroso_OK" classname="pingpong.TestPedidos" time="0"/>
  <testcase name="test_interface_procesador" classname="pingpong.TestPedidos" time="0.002"/>
  <testcase name="test_UUID_generator" classname="pingpong.TestPedidos" time="0"/>
  <testcase name="test_printar_status" classname="pingpong.TestPedidos" time="0.002"/>
  <testcase name="test_Comarca" classname="pingpong.TestPedidos" time="0"/>
  <testcase name="test_tratamiento_pedido_multiple_tratar" classname="pingpong.TestPedidos" time="0.004"/>
  <testcase name="test_pedido_nacional_UUDI" classname="pingpong.TestPedidos" time="0"/>
</testsuite>